<html>
<head>
<title>TestNG:  Nomenclature App Test Cases</title>
<link href="../testng.css" rel="stylesheet" type="text/css" />
<link href="../my-testng.css" rel="stylesheet" type="text/css" />

<style type="text/css">
.log { display: none;} 
.stack-trace { display: none;} 
</style>
<script type="text/javascript">
<!--
function flip(e) {
  current = e.style.display;
  if (current == 'block') {
    e.style.display = 'none';
    return 0;
  }
  else {
    e.style.display = 'block';
    return 1;
  }
}

function toggleBox(szDivId, elem, msg1, msg2)
{
  var res = -1;  if (document.getElementById) {
    res = flip(document.getElementById(szDivId));
  }
  else if (document.all) {
    // this is the way old msie versions work
    res = flip(document.all[szDivId]);
  }
  if(elem) {
    if(res == 0) elem.innerHTML = msg1; else elem.innerHTML = msg2;
  }

}

function toggleAllBoxes() {
  if (document.getElementsByTagName) {
    d = document.getElementsByTagName('div');
    for (i = 0; i < d.length; i++) {
      if (d[i].className == 'log') {
        flip(d[i]);
      }
    }
  }
}

// -->
</script>

</head>
<body>
<h2 align='center'>Nomenclature App Test Cases</h2><table border='1' align="center">
<tr>
<td>Tests passed/Failed/Skipped:</td><td>13/2/0</td>
</tr><tr>
<td>Started on:</td><td>Thu Aug 29 13:17:37 EDT 2019</td>
</tr>
<tr><td>Total time:</td><td>425 seconds (425609 ms)</td>
</tr><tr>
<td>Included groups:</td><td></td>
</tr><tr>
<td>Excluded groups:</td><td></td>
</tr>
</table><p/>
<small><i>(Hover the method name to see the test class name)</i></small><p/>
<table width='100%' border='1' class='invocation-failed'>
<tr><td colspan='4' align='center'><b>FAILED TESTS</b></td></tr>
<tr><td><b>Test method</b></td>
<td width="30%"><b>Exception</b></td>
<td width="10%"><b>Time (seconds)</b></td>
<td><b>Instance</b></td>
</tr>
<tr>
<td title='ca.gc.pch.test.nomenclature.testcases.BrowsePageTest.browsePageFRLinksTest()'><b>browsePageFRLinksTest</b><br>Test class: ca.gc.pch.test.nomenclature.testcases.BrowsePageTest</td>
<td><div><pre>java.lang.AssertionError: ERROR: Found Broken Links expected [false] but found [true]
	at ca.gc.pch.test.nomenclature.testcases.BrowsePageTest.browsePageFRLinksTest(BrowsePageTest.java:191)
... Removed 28 stack frames</pre></div><a href='#' onClick='toggleBox("stack-trace771642661", this, "Click to show all stack frames", "Click to hide stack frames")'>Click to show all stack frames</a>
<div class='stack-trace' id='stack-trace771642661'><pre>java.lang.AssertionError: ERROR: Found Broken Links expected [false] but found [true]
	at org.testng.Assert.fail(Assert.java:96)
	at org.testng.Assert.failNotEquals(Assert.java:776)
	at org.testng.Assert.assertFalse(Assert.java:65)
	at ca.gc.pch.test.nomenclature.testcases.BrowsePageTest.browsePageFRLinksTest(BrowsePageTest.java:191)
	at java.base/jdk.internal.reflect.NativeMethodAccessorImpl.invoke0(Native Method)
	at java.base/jdk.internal.reflect.NativeMethodAccessorImpl.invoke(NativeMethodAccessorImpl.java:62)
	at java.base/jdk.internal.reflect.DelegatingMethodAccessorImpl.invoke(DelegatingMethodAccessorImpl.java:43)
	at java.base/java.lang.reflect.Method.invoke(Method.java:567)
	at org.testng.internal.MethodInvocationHelper.invokeMethod(MethodInvocationHelper.java:124)
	at org.testng.internal.Invoker.invokeMethod(Invoker.java:583)
	at org.testng.internal.Invoker.invokeTestMethod(Invoker.java:719)
	at org.testng.internal.Invoker.invokeTestMethods(Invoker.java:989)
	at org.testng.internal.TestMethodWorker.invokeTestMethods(TestMethodWorker.java:125)
	at org.testng.internal.TestMethodWorker.run(TestMethodWorker.java:109)
	at org.testng.TestRunner.privateRun(TestRunner.java:648)
	at org.testng.TestRunner.run(TestRunner.java:505)
	at org.testng.SuiteRunner.runTest(SuiteRunner.java:455)
	at org.testng.SuiteRunner.runSequentially(SuiteRunner.java:450)
	at org.testng.SuiteRunner.privateRun(SuiteRunner.java:415)
	at org.testng.SuiteRunner.run(SuiteRunner.java:364)
	at org.testng.SuiteRunnerWorker.runSuite(SuiteRunnerWorker.java:52)
	at org.testng.SuiteRunnerWorker.run(SuiteRunnerWorker.java:84)
	at org.testng.TestNG.runSuitesSequentially(TestNG.java:1208)
	at org.testng.TestNG.runSuitesLocally(TestNG.java:1137)
	at org.testng.TestNG.runSuites(TestNG.java:1049)
	at org.testng.TestNG.run(TestNG.java:1017)
	at org.testng.remote.AbstractRemoteTestNG.run(AbstractRemoteTestNG.java:115)
	at org.testng.remote.RemoteTestNG.initAndRun(RemoteTestNG.java:251)
	at org.testng.remote.RemoteTestNG.main(RemoteTestNG.java:77)
</pre></div></td>
<td>160</td>
<td>ca.gc.pch.test.nomenclature.testcases.BrowsePageTest@2a32de6c</td></tr>
<tr>
<td title='ca.gc.pch.test.nomenclature.testcases.BrowsePageTest.browsePageLinksTest()'><b>browsePageLinksTest</b><br>Test class: ca.gc.pch.test.nomenclature.testcases.BrowsePageTest</td>
<td><div><pre>java.lang.AssertionError: ERROR: Found Broken Links expected [false] but found [true]
	at ca.gc.pch.test.nomenclature.testcases.BrowsePageTest.browsePageLinksTest(BrowsePageTest.java:182)
... Removed 28 stack frames</pre></div><a href='#' onClick='toggleBox("stack-trace1938634748", this, "Click to show all stack frames", "Click to hide stack frames")'>Click to show all stack frames</a>
<div class='stack-trace' id='stack-trace1938634748'><pre>java.lang.AssertionError: ERROR: Found Broken Links expected [false] but found [true]
	at org.testng.Assert.fail(Assert.java:96)
	at org.testng.Assert.failNotEquals(Assert.java:776)
	at org.testng.Assert.assertFalse(Assert.java:65)
	at ca.gc.pch.test.nomenclature.testcases.BrowsePageTest.browsePageLinksTest(BrowsePageTest.java:182)
	at java.base/jdk.internal.reflect.NativeMethodAccessorImpl.invoke0(Native Method)
	at java.base/jdk.internal.reflect.NativeMethodAccessorImpl.invoke(NativeMethodAccessorImpl.java:62)
	at java.base/jdk.internal.reflect.DelegatingMethodAccessorImpl.invoke(DelegatingMethodAccessorImpl.java:43)
	at java.base/java.lang.reflect.Method.invoke(Method.java:567)
	at org.testng.internal.MethodInvocationHelper.invokeMethod(MethodInvocationHelper.java:124)
	at org.testng.internal.Invoker.invokeMethod(Invoker.java:583)
	at org.testng.internal.Invoker.invokeTestMethod(Invoker.java:719)
	at org.testng.internal.Invoker.invokeTestMethods(Invoker.java:989)
	at org.testng.internal.TestMethodWorker.invokeTestMethods(TestMethodWorker.java:125)
	at org.testng.internal.TestMethodWorker.run(TestMethodWorker.java:109)
	at org.testng.TestRunner.privateRun(TestRunner.java:648)
	at org.testng.TestRunner.run(TestRunner.java:505)
	at org.testng.SuiteRunner.runTest(SuiteRunner.java:455)
	at org.testng.SuiteRunner.runSequentially(SuiteRunner.java:450)
	at org.testng.SuiteRunner.privateRun(SuiteRunner.java:415)
	at org.testng.SuiteRunner.run(SuiteRunner.java:364)
	at org.testng.SuiteRunnerWorker.runSuite(SuiteRunnerWorker.java:52)
	at org.testng.SuiteRunnerWorker.run(SuiteRunnerWorker.java:84)
	at org.testng.TestNG.runSuitesSequentially(TestNG.java:1208)
	at org.testng.TestNG.runSuitesLocally(TestNG.java:1137)
	at org.testng.TestNG.runSuites(TestNG.java:1049)
	at org.testng.TestNG.run(TestNG.java:1017)
	at org.testng.remote.AbstractRemoteTestNG.run(AbstractRemoteTestNG.java:115)
	at org.testng.remote.RemoteTestNG.initAndRun(RemoteTestNG.java:251)
	at org.testng.remote.RemoteTestNG.main(RemoteTestNG.java:77)
</pre></div></td>
<td>155</td>
<td>ca.gc.pch.test.nomenclature.testcases.BrowsePageTest@2a32de6c</td></tr>
</table><p>
<table width='100%' border='1' class='invocation-passed'>
<tr><td colspan='4' align='center'><b>PASSED TESTS</b></td></tr>
<tr><td><b>Test method</b></td>
<td width="30%"><b>Exception</b></td>
<td width="10%"><b>Time (seconds)</b></td>
<td><b>Instance</b></td>
</tr>
<tr>
<td title='ca.gc.pch.test.nomenclature.testcases.BrowsePageTest.browsePageDefaultLanguageTest()'><b>browsePageDefaultLanguageTest</b><br>Test class: ca.gc.pch.test.nomenclature.testcases.BrowsePageTest</td>
<td></td>
<td>0</td>
<td>ca.gc.pch.test.nomenclature.testcases.BrowsePageTest@2a32de6c</td></tr>
<tr>
<td title='ca.gc.pch.test.nomenclature.testcases.BrowsePageTest.browsePageDefaultLinguisticVariantTest()'><b>browsePageDefaultLinguisticVariantTest</b><br>Test class: ca.gc.pch.test.nomenclature.testcases.BrowsePageTest</td>
<td></td>
<td>0</td>
<td>ca.gc.pch.test.nomenclature.testcases.BrowsePageTest@2a32de6c</td></tr>
<tr>
<td title='ca.gc.pch.test.nomenclature.testcases.BrowsePageTest.browsePageDefaultTermOrderTest()'><b>browsePageDefaultTermOrderTest</b><br>Test class: ca.gc.pch.test.nomenclature.testcases.BrowsePageTest</td>
<td></td>
<td>0</td>
<td>ca.gc.pch.test.nomenclature.testcases.BrowsePageTest@2a32de6c</td></tr>
<tr>
<td title='ca.gc.pch.test.nomenclature.testcases.BrowsePageTest.browsePageTitleTest()'><b>browsePageTitleTest</b><br>Test class: ca.gc.pch.test.nomenclature.testcases.BrowsePageTest</td>
<td></td>
<td>0</td>
<td>ca.gc.pch.test.nomenclature.testcases.BrowsePageTest@2a32de6c</td></tr>
<tr>
<td title='ca.gc.pch.test.nomenclature.testcases.BrowsePageTest.categoriesOrder()'><b>categoriesOrder</b><br>Test class: ca.gc.pch.test.nomenclature.testcases.BrowsePageTest</td>
<td></td>
<td>0</td>
<td>ca.gc.pch.test.nomenclature.testcases.BrowsePageTest@2a32de6c</td></tr>
<tr>
<td title='ca.gc.pch.test.nomenclature.testcases.BrowsePageTest.chairENTest()'><b>chairENTest</b><br>Test class: ca.gc.pch.test.nomenclature.testcases.BrowsePageTest</td>
<td></td>
<td>4</td>
<td>ca.gc.pch.test.nomenclature.testcases.BrowsePageTest@2a32de6c</td></tr>
<tr>
<td title='ca.gc.pch.test.nomenclature.testcases.BrowsePageTest.chairFRTest()'><b>chairFRTest</b><br>Test class: ca.gc.pch.test.nomenclature.testcases.BrowsePageTest</td>
<td></td>
<td>4</td>
<td>ca.gc.pch.test.nomenclature.testcases.BrowsePageTest@2a32de6c</td></tr>
<tr>
<td title='ca.gc.pch.test.nomenclature.testcases.BrowsePageTest.chairThumbNailTest()'><b>chairThumbNailTest</b><br>Test class: ca.gc.pch.test.nomenclature.testcases.BrowsePageTest</td>
<td></td>
<td>3</td>
<td>ca.gc.pch.test.nomenclature.testcases.BrowsePageTest@2a32de6c</td></tr>
<tr>
<td title='ca.gc.pch.test.nomenclature.testcases.BrowsePageTest.languageToggleENTest()'><b>languageToggleENTest</b><br>Test class: ca.gc.pch.test.nomenclature.testcases.BrowsePageTest</td>
<td></td>
<td>1</td>
<td>ca.gc.pch.test.nomenclature.testcases.BrowsePageTest@2a32de6c</td></tr>
<tr>
<td title='ca.gc.pch.test.nomenclature.testcases.BrowsePageTest.languageToggleFRTest()'><b>languageToggleFRTest</b><br>Test class: ca.gc.pch.test.nomenclature.testcases.BrowsePageTest</td>
<td></td>
<td>2</td>
<td>ca.gc.pch.test.nomenclature.testcases.BrowsePageTest@2a32de6c</td></tr>
<tr>
<td title='ca.gc.pch.test.nomenclature.testcases.BrowsePageTest.sortingWithAccentTest()'><b>sortingWithAccentTest</b><br>Test class: ca.gc.pch.test.nomenclature.testcases.BrowsePageTest</td>
<td></td>
<td>3</td>
<td>ca.gc.pch.test.nomenclature.testcases.BrowsePageTest@2a32de6c</td></tr>
<tr>
<td title='ca.gc.pch.test.nomenclature.testcases.BrowsePageTest.subTreeOrder()'><b>subTreeOrder</b><br>Test class: ca.gc.pch.test.nomenclature.testcases.BrowsePageTest</td>
<td></td>
<td>2</td>
<td>ca.gc.pch.test.nomenclature.testcases.BrowsePageTest@2a32de6c</td></tr>
<tr>
<td title='ca.gc.pch.test.nomenclature.testcases.BrowsePageTest.termPreferencesTest()'><b>termPreferencesTest</b><br>Test class: ca.gc.pch.test.nomenclature.testcases.BrowsePageTest</td>
<td></td>
<td>0</td>
<td>ca.gc.pch.test.nomenclature.testcases.BrowsePageTest@2a32de6c</td></tr>
</table><p>
</body>
</html>